delete from nav_directroute where DIRECT_ID='des';
insert into nav_directroute(direct_id,in_linkid,node_id,out_linkid,flag,proc_flag,mesh_list,memo)values('08a29e3a22b24fa1b476ef2f8f867340','54731d4e16d44701a23ebef67ff09fe4','df1a11a54db0425498106fdae7335734','144693fe29eb423c9d5a74a684b7f6c3','2','2','335460','');
delete from nav_directroute_pass where direct_pass_id = '1590db41e12945aebe742978cc8de149';
insert into nav_directroute_pass(direct_pass_id,direct_id,link_id,group_id,seq_num,memo)values('1590db41e12945aebe742978cc8de149','a9944460b47f462b984605c2d8e60288','fe86419939854270a65162f2f7539d4e','1','1','');
delete from nav_directroute_pass where direct_pass_id = 'pass1';
insert into nav_directroute_pass(direct_pass_id,direct_id,link_id,group_id,seq_num,memo)values('pass1','des1','lins1','1','1','');
delete from nav_directroute_pass where direct_pass_id = 'pass2';
insert into nav_directroute_pass(direct_pass_id,direct_id,link_id,group_id,seq_num,memo)values('pass2','des2','lins2','1','1','');
delete from nav_node where NODE_ID='node';
insert into nav_node(node_id,kind,form,geom,name_ch,name_fo,name_ph,mesh_id,adjoin_mid,adjoin_nid,memo)values('010474b3343b43e6a62e3325dfe00148','1','1','0101000020E6100000694EB26310845C40375DD5ADAC8C3640','','','','335460','','','{"oid":47717909}');
delete from nav_node where NODE_ID='node1';
insert into nav_node(node_id,kind,form,geom,name_ch,name_fo,name_ph,mesh_id,adjoin_mid,adjoin_nid,memo)values('010d75f6287545cfae3593f0b5703479','1','1','0101000020E6100000072FF752E3875C402603FEF8A4923640','','','','335460','','','{"oid":74179432}');
delete from nav_node where NODE_ID='node2';
insert into nav_node(node_id,kind,form,geom,name_ch,name_fo,name_ph,mesh_id,adjoin_mid,adjoin_nid,memo)values('01192497601b49f59522735785199613','1','1','0101000020E6100000F4B3686C95825C4085FF5ED5538D3640','','','','335460','','','{"oid":1014401}');
delete from nav_node where NODE_ID='node3';
insert into nav_node(node_id,kind,form,geom,name_ch,name_fo,name_ph,mesh_id,adjoin_mid,adjoin_nid,memo)values('011da7e8de5f462b9eeb88d0cf19e7c1','1','33','0101000020E610000003BED34B89845C4077C20A797D843640','','','','335460','','','{"oid":1004907}');
delete from nav_link where LINK_ID='inlink';
insert into nav_link(link_id,s_nid,e_nid,kind,form,dir,app,toll,adopt,md,devs,spet,funct,urban,pave,lane_n,lane_l,lane_r,lane_c,viad,l_admin,r_admin,geom,len,f_speed,t_speed,sp_class,dici_type,mesh_id,memo)values('01691a4718b243b686e502b5e89b426d','d8a08fb8af0241268194ec036a35f6a3','ced4d47fc7944ddc9538210655c4c304','7','1','1','1','2','2','0','1','0','5','1','1','2','1','1','1','2','440304','440304','0102000020E610000002000000BB843BFE48855C40B357E8D2E28B3640BB843BFE48855C4064296108EA8B3640','1200000','300,1,1','300,1,1','7,1','1','335460','{"oid":"1044379", "from":"深圳市轨迹20140708(王辉)", "editor":"刘玲201407230956"}');
delete from nav_link where LINK_ID='outlink';
insert into nav_link(link_id,s_nid,e_nid,kind,form,dir,app,toll,adopt,md,devs,spet,funct,urban,pave,lane_n,lane_l,lane_r,lane_c,viad,l_admin,r_admin,geom,len,f_speed,t_speed,sp_class,dici_type,mesh_id,memo)values('016aeee6e45c4c24b39c90ebda48cd39','9fa4159ccb964753b9ea1c01e3d2983a','9c70d4d8d8994c6e86d9cdb5276c1746','7','1','2','1','2','2','0','1','0','5','1','1','1','0','1','1','2','440303','440303','0102000020E610000006000000CD6BEA110A875C40B848070F868C36403CD776610B875C408354B9317E8C364099D711870C875C40BB47A8AC758C3640AF2BE7040D875C40D7DBD87F6C8C36409DC0F5DA0C875C40035C0039698C36409DC0F5DA0C875C406EB625F2658C3640','5900000','400,5,1','','6,1','1','335460','{"oid":"1093785", "from":"深圳市轨迹20131017(罗平);百度影像", "editor":"曾田201407231444;周玉金20140726"}');
delete from nav_link where LINK_ID='link1';
insert into nav_link(link_id,s_nid,e_nid,kind,form,dir,app,toll,adopt,md,devs,spet,funct,urban,pave,lane_n,lane_l,lane_r,lane_c,viad,l_admin,r_admin,geom,len,f_speed,t_speed,sp_class,dici_type,mesh_id,memo)values('016eda27daa442f29c33a067b0136049','6915c19fafdc4480bada2e71fb0b19a7','39c55ddb9f6943ecb9ea15845ebcb0bf','10','52','1','1','2','2','0','1','0','5','1','1','1','1','1','1','2','440303','440303','0102000020E610000008000000CEBD2220C8875C403DC6CF1D41913640156AE8C7C8875C4019C61715439136403D29AF6FC9875C4073FFD3BC43913640726A83EDC9875C4047B2CCBC4391364088BE586BCA875C40C826001543913640CF6A1E13CB875C401241A51D41913640F3400167CB875C40D3144F263F9136401617E4BACB875C402241847E3E913640','2700000','100,5,1','100,5,1','8,1','1','335460','{"oid":"1055045", "from":"百度影像", "editor":";杨柳20140729"}');
delete from nav_link where LINK_ID='link2';
insert into nav_link(link_id,s_nid,e_nid,kind,form,dir,app,toll,adopt,md,devs,spet,funct,urban,pave,lane_n,lane_l,lane_r,lane_c,viad,l_admin,r_admin,geom,len,f_speed,t_speed,sp_class,dici_type,mesh_id,memo)values('01791b584a9a494da542b27dc0f31cd2','429c249049b540edbceb52316fc2568b','9714ed3d93804f2781951b4e02305ec2','8','1','2','1','2','2','0','1','0','5','1','1','2','0','2','2','2','440303','440303','0102000020E610000002000000E01F171EF9875C40BBADFE95BF893640CACB41A0F8875C408AB7588DC1893640','500000','150,5,1','','7,1','1','335460','{"oid":"13292736", "from":"深圳市轨迹20140708(刘斌)；百度影像", "editor":";谭超20140726"}');
delete from nav_link where LINK_ID='link3';
insert into nav_link(link_id,s_nid,e_nid,kind,form,dir,app,toll,adopt,md,devs,spet,funct,urban,pave,lane_n,lane_l,lane_r,lane_c,viad,l_admin,r_admin,geom,len,f_speed,t_speed,sp_class,dici_type,mesh_id,memo)values('017c1413e73048f2a7713baf502ecfc3','8dda2842af90423e8f9d81663000d16c','0c6d6797784d4871844a317646a13e5b','7','1','1','1','2','2','0','1','0','5','1','1','2','1','1','1','2','440304','440304','0102000020E61000000200000081233A312F845C4096009728049136408FA547072F845C40D4F77AF40F913640','2000000','300,1,1','300,1,1','7,1','1','335460','{"oid":"39002575", "from":"深圳市轨迹20101217(关永健)", "editor":"华玲201407311647"}');
